<?xml version="1.0" encoding="UTF-8"?>
<testsuite xmlns:xsi="http://www.w3.org/2001/XMLSchema-instance" xsi:noNamespaceSchemaLocation="https://maven.apache.org/surefire/maven-surefire-plugin/xsd/surefire-test-report-3.0.xsd" version="3.0" name="com.compiler.RegexTest" time="0.171" tests="70" errors="0" skipped="0" failures="0">
  <properties>
    <property name="java.specification.version" value="21"/>
    <property name="sun.jnu.encoding" value="UTF-8"/>
    <property name="java.class.path" value="/home/itzelf/cc/compiladores/proyecto/target/test-classes:/home/itzelf/cc/compiladores/proyecto/target/classes:/home/itzelf/.m2/repository/org/junit/jupiter/junit-jupiter/5.9.3/junit-jupiter-5.9.3.jar:/home/itzelf/.m2/repository/org/junit/jupiter/junit-jupiter-api/5.9.3/junit-jupiter-api-5.9.3.jar:/home/itzelf/.m2/repository/org/opentest4j/opentest4j/1.2.0/opentest4j-1.2.0.jar:/home/itzelf/.m2/repository/org/junit/platform/junit-platform-commons/1.9.3/junit-platform-commons-1.9.3.jar:/home/itzelf/.m2/repository/org/apiguardian/apiguardian-api/1.1.2/apiguardian-api-1.1.2.jar:/home/itzelf/.m2/repository/org/junit/jupiter/junit-jupiter-params/5.9.3/junit-jupiter-params-5.9.3.jar:/home/itzelf/.m2/repository/org/junit/jupiter/junit-jupiter-engine/5.9.3/junit-jupiter-engine-5.9.3.jar:/home/itzelf/.m2/repository/org/junit/platform/junit-platform-engine/1.9.3/junit-platform-engine-1.9.3.jar:"/>
    <property name="java.vm.vendor" value="Arch Linux"/>
    <property name="sun.arch.data.model" value="64"/>
    <property name="java.vendor.url" value="https://openjdk.org/"/>
    <property name="os.name" value="Linux"/>
    <property name="java.vm.specification.version" value="21"/>
    <property name="sun.java.launcher" value="SUN_STANDARD"/>
    <property name="user.country" value="US"/>
    <property name="sun.boot.library.path" value="/usr/lib/jvm/java-21-openjdk/lib"/>
    <property name="sun.java.command" value="/home/itzelf/cc/compiladores/proyecto/target/surefire/surefirebooter-20250829213805058_3.jar /home/itzelf/cc/compiladores/proyecto/target/surefire 2025-08-29T21-38-04_988-jvmRun1 surefire-20250829213805058_1tmp surefire_0-20250829213805058_2tmp"/>
    <property name="jdk.debug" value="release"/>
    <property name="surefire.test.class.path" value="/home/itzelf/cc/compiladores/proyecto/target/test-classes:/home/itzelf/cc/compiladores/proyecto/target/classes:/home/itzelf/.m2/repository/org/junit/jupiter/junit-jupiter/5.9.3/junit-jupiter-5.9.3.jar:/home/itzelf/.m2/repository/org/junit/jupiter/junit-jupiter-api/5.9.3/junit-jupiter-api-5.9.3.jar:/home/itzelf/.m2/repository/org/opentest4j/opentest4j/1.2.0/opentest4j-1.2.0.jar:/home/itzelf/.m2/repository/org/junit/platform/junit-platform-commons/1.9.3/junit-platform-commons-1.9.3.jar:/home/itzelf/.m2/repository/org/apiguardian/apiguardian-api/1.1.2/apiguardian-api-1.1.2.jar:/home/itzelf/.m2/repository/org/junit/jupiter/junit-jupiter-params/5.9.3/junit-jupiter-params-5.9.3.jar:/home/itzelf/.m2/repository/org/junit/jupiter/junit-jupiter-engine/5.9.3/junit-jupiter-engine-5.9.3.jar:/home/itzelf/.m2/repository/org/junit/platform/junit-platform-engine/1.9.3/junit-platform-engine-1.9.3.jar:"/>
    <property name="sun.cpu.endian" value="little"/>
    <property name="user.home" value="/home/itzelf"/>
    <property name="user.language" value="en"/>
    <property name="java.specification.vendor" value="Oracle Corporation"/>
    <property name="java.version.date" value="2025-07-15"/>
    <property name="java.home" value="/usr/lib/jvm/java-21-openjdk"/>
    <property name="file.separator" value="/"/>
    <property name="basedir" value="/home/itzelf/cc/compiladores/proyecto"/>
    <property name="java.vm.compressedOopsMode" value="Zero based"/>
    <property name="line.separator" value="&#10;"/>
    <property name="java.specification.name" value="Java Platform API Specification"/>
    <property name="java.vm.specification.vendor" value="Oracle Corporation"/>
    <property name="surefire.real.class.path" value="/home/itzelf/cc/compiladores/proyecto/target/surefire/surefirebooter-20250829213805058_3.jar"/>
    <property name="sun.management.compiler" value="HotSpot 64-Bit Tiered Compilers"/>
    <property name="java.runtime.version" value="21.0.8+9"/>
    <property name="user.name" value="itzelf"/>
    <property name="stdout.encoding" value="UTF-8"/>
    <property name="path.separator" value=":"/>
    <property name="os.version" value="6.1.147-2-MANJARO"/>
    <property name="java.runtime.name" value="OpenJDK Runtime Environment"/>
    <property name="file.encoding" value="UTF-8"/>
    <property name="java.vm.name" value="OpenJDK 64-Bit Server VM"/>
    <property name="localRepository" value="/home/itzelf/.m2/repository"/>
    <property name="java.vendor.url.bug" value="https://bugreport.java.com/bugreport/"/>
    <property name="java.io.tmpdir" value="/tmp"/>
    <property name="java.version" value="21.0.8"/>
    <property name="user.dir" value="/home/itzelf/cc/compiladores/proyecto"/>
    <property name="os.arch" value="amd64"/>
    <property name="java.vm.specification.name" value="Java Virtual Machine Specification"/>
    <property name="native.encoding" value="UTF-8"/>
    <property name="java.library.path" value="/usr/java/packages/lib:/usr/lib64:/lib64:/lib:/usr/lib"/>
    <property name="java.vm.info" value="mixed mode, sharing"/>
    <property name="stderr.encoding" value="UTF-8"/>
    <property name="java.vendor" value="Arch Linux"/>
    <property name="java.vm.version" value="21.0.8+9"/>
    <property name="sun.io.unicode.encoding" value="UnicodeLittle"/>
    <property name="java.class.version" value="65.0"/>
  </properties>
  <testcase name="testConcatWithGroupUnion(String, boolean)[1]" classname="com.compiler.RegexTest" time="0.035"/>
  <testcase name="testConcatWithGroupUnion(String, boolean)[2]" classname="com.compiler.RegexTest" time="0.001"/>
  <testcase name="testConcatWithGroupUnion(String, boolean)[3]" classname="com.compiler.RegexTest" time="0.001"/>
  <testcase name="testConcatWithGroupUnion(String, boolean)[4]" classname="com.compiler.RegexTest" time="0.001"/>
  <testcase name="testConcatWithGroupUnion(String, boolean)[5]" classname="com.compiler.RegexTest" time="0.001"/>
  <testcase name="testPlusOperator(String, boolean)[1]" classname="com.compiler.RegexTest" time="0.001"/>
  <testcase name="testPlusOperator(String, boolean)[2]" classname="com.compiler.RegexTest" time="0.001"/>
  <testcase name="testPlusOperator(String, boolean)[3]" classname="com.compiler.RegexTest" time="0.001"/>
  <testcase name="testPlusOperator(String, boolean)[4]" classname="com.compiler.RegexTest" time="0.0"/>
  <testcase name="testPlusOperator(String, boolean)[5]" classname="com.compiler.RegexTest" time="0.0"/>
  <testcase name="testPrecedenceConcatOverUnion(String, boolean)[1]" classname="com.compiler.RegexTest" time="0.006"/>
  <testcase name="testPrecedenceConcatOverUnion(String, boolean)[2]" classname="com.compiler.RegexTest" time="0.001"/>
  <testcase name="testPrecedenceConcatOverUnion(String, boolean)[3]" classname="com.compiler.RegexTest" time="0.001"/>
  <testcase name="testPrecedenceConcatOverUnion(String, boolean)[4]" classname="com.compiler.RegexTest" time="0.001"/>
  <testcase name="testPrecedenceConcatOverUnion(String, boolean)[5]" classname="com.compiler.RegexTest" time="0.001"/>
  <testcase name="testPrecedenceKleeneOverConcat(String, boolean)[1]" classname="com.compiler.RegexTest" time="0.001"/>
  <testcase name="testPrecedenceKleeneOverConcat(String, boolean)[2]" classname="com.compiler.RegexTest" time="0.001"/>
  <testcase name="testPrecedenceKleeneOverConcat(String, boolean)[3]" classname="com.compiler.RegexTest" time="0.001"/>
  <testcase name="testPrecedenceKleeneOverConcat(String, boolean)[4]" classname="com.compiler.RegexTest" time="0.001"/>
  <testcase name="testPrecedenceKleeneOverConcat(String, boolean)[5]" classname="com.compiler.RegexTest" time="0.001"/>
  <testcase name="testPrecedenceKleeneOverConcat(String, boolean)[6]" classname="com.compiler.RegexTest" time="0.001"/>
  <testcase name="testPrecedenceKleeneOverConcat(String, boolean)[7]" classname="com.compiler.RegexTest" time="0.001"/>
  <testcase name="testComplexNesting(String, boolean)[1]" classname="com.compiler.RegexTest" time="0.001"/>
  <testcase name="testComplexNesting(String, boolean)[2]" classname="com.compiler.RegexTest" time="0.001"/>
  <testcase name="testComplexNesting(String, boolean)[3]" classname="com.compiler.RegexTest" time="0.001"/>
  <testcase name="testComplexNesting(String, boolean)[4]" classname="com.compiler.RegexTest" time="0.001"/>
  <testcase name="testComplexNesting(String, boolean)[5]" classname="com.compiler.RegexTest" time="0.001"/>
  <testcase name="testComplexNesting(String, boolean)[6]" classname="com.compiler.RegexTest" time="0.001"/>
  <testcase name="testComplexNesting(String, boolean)[7]" classname="com.compiler.RegexTest" time="0.0"/>
  <testcase name="testComplexNesting(String, boolean)[8]" classname="com.compiler.RegexTest" time="0.0"/>
  <testcase name="testContainsAtLeastOneA(String, boolean)[1]" classname="com.compiler.RegexTest" time="0.001"/>
  <testcase name="testContainsAtLeastOneA(String, boolean)[2]" classname="com.compiler.RegexTest" time="0.001"/>
  <testcase name="testContainsAtLeastOneA(String, boolean)[3]" classname="com.compiler.RegexTest" time="0.001"/>
  <testcase name="testContainsAtLeastOneA(String, boolean)[4]" classname="com.compiler.RegexTest" time="0.001"/>
  <testcase name="testContainsAtLeastOneA(String, boolean)[5]" classname="com.compiler.RegexTest" time="0.001"/>
  <testcase name="testContainsAtLeastOneA(String, boolean)[6]" classname="com.compiler.RegexTest" time="0.0"/>
  <testcase name="testContainsAtLeastOneA(String, boolean)[7]" classname="com.compiler.RegexTest" time="0.0"/>
  <testcase name="testContainsAtLeastOneA(String, boolean)[8]" classname="com.compiler.RegexTest" time="0.0"/>
  <testcase name="testContainsAtLeastOneA(String, boolean)[9]" classname="com.compiler.RegexTest" time="0.0"/>
  <testcase name="testContainsAtLeastOneA(String, boolean)[10]" classname="com.compiler.RegexTest" time="0.001"/>
  <testcase name="testGroupingKleene(String, boolean)[1]" classname="com.compiler.RegexTest" time="0.0"/>
  <testcase name="testGroupingKleene(String, boolean)[2]" classname="com.compiler.RegexTest" time="0.0"/>
  <testcase name="testGroupingKleene(String, boolean)[3]" classname="com.compiler.RegexTest" time="0.0"/>
  <testcase name="testGroupingKleene(String, boolean)[4]" classname="com.compiler.RegexTest" time="0.001"/>
  <testcase name="testGroupingKleene(String, boolean)[5]" classname="com.compiler.RegexTest" time="0.001"/>
  <testcase name="testGroupingKleene(String, boolean)[6]" classname="com.compiler.RegexTest" time="0.0"/>
  <testcase name="testGroupingKleene(String, boolean)[7]" classname="com.compiler.RegexTest" time="0.0"/>
  <testcase name="testGroupingKleene(String, boolean)[8]" classname="com.compiler.RegexTest" time="0.0"/>
  <testcase name="testGroupingKleene(String, boolean)[9]" classname="com.compiler.RegexTest" time="0.001"/>
  <testcase name="testGroupingKleene(String, boolean)[10]" classname="com.compiler.RegexTest" time="0.0"/>
  <testcase name="testGroupingKleene(String, boolean)[11]" classname="com.compiler.RegexTest" time="0.0"/>
  <testcase name="testUnionOperator(String, boolean)[1]" classname="com.compiler.RegexTest" time="0.001"/>
  <testcase name="testUnionOperator(String, boolean)[2]" classname="com.compiler.RegexTest" time="0.001"/>
  <testcase name="testUnionOperator(String, boolean)[3]" classname="com.compiler.RegexTest" time="0.001"/>
  <testcase name="testUnionOperator(String, boolean)[4]" classname="com.compiler.RegexTest" time="0.001"/>
  <testcase name="testUnionOperator(String, boolean)[5]" classname="com.compiler.RegexTest" time="0.0"/>
  <testcase name="testOptionalOperator(String, boolean)[1]" classname="com.compiler.RegexTest" time="0.001"/>
  <testcase name="testOptionalOperator(String, boolean)[2]" classname="com.compiler.RegexTest" time="0.001"/>
  <testcase name="testOptionalOperator(String, boolean)[3]" classname="com.compiler.RegexTest" time="0.0"/>
  <testcase name="testOptionalOperator(String, boolean)[4]" classname="com.compiler.RegexTest" time="0.0"/>
  <testcase name="testNestedKleene(String, boolean)[1]" classname="com.compiler.RegexTest" time="0.001"/>
  <testcase name="testNestedKleene(String, boolean)[2]" classname="com.compiler.RegexTest" time="0.0"/>
  <testcase name="testNestedKleene(String, boolean)[3]" classname="com.compiler.RegexTest" time="0.0"/>
  <testcase name="testNestedKleene(String, boolean)[4]" classname="com.compiler.RegexTest" time="0.0"/>
  <testcase name="testOptionalInsideConcat(String, boolean)[1]" classname="com.compiler.RegexTest" time="0.0"/>
  <testcase name="testOptionalInsideConcat(String, boolean)[2]" classname="com.compiler.RegexTest" time="0.0"/>
  <testcase name="testOptionalInsideConcat(String, boolean)[3]" classname="com.compiler.RegexTest" time="0.0"/>
  <testcase name="testOptionalInsideConcat(String, boolean)[4]" classname="com.compiler.RegexTest" time="0.001"/>
  <testcase name="testOptionalInsideConcat(String, boolean)[5]" classname="com.compiler.RegexTest" time="0.001"/>
  <testcase name="testOptionalInsideConcat(String, boolean)[6]" classname="com.compiler.RegexTest" time="0.001"/>
</testsuite>